# JRE version: OpenJDK Runtime Environment (8.0_152-b06) (build 1.8.0_152-release-1136-b06)
# Java VM: OpenJDK 64-Bit Server VM (25.152-b06 mixed mode windows-amd64 compressed oops)
Heap:
 PSYoungGen      total 137728K, used 19622K [0x00000000e0000000, 0x00000000e9b00000, 0x0000000100000000)
  eden space 124928K, 10% used [0x00000000e0000000,0x00000000e0d43cb8,0x00000000e7a00000)
  from space 12800K, 47% used [0x00000000e8e80000,0x00000000e9465c28,0x00000000e9b00000)
  to   space 16896K, 0% used [0x00000000e7a00000,0x00000000e7a00000,0x00000000e8a80000)
 ParOldGen       total 136192K, used 54725K [0x00000000a0000000, 0x00000000a8500000, 0x00000000e0000000)
  object space 136192K, 40% used [0x00000000a0000000,0x00000000a3571518,0x00000000a8500000)
 Metaspace       used 84168K, capacity 88118K, committed 88344K, reserved 1126400K
  class space    used 10520K, capacity 11254K, committed 11312K, reserved 1048576K
GC Heap History (10 events):
Event: 15574.546 GC heap before
{Heap before GC invocations=27 (full 3):
 PSYoungGen      total 152064K, used 151738K [0x00000000e0000000, 0x00000000eb600000, 0x0000000100000000)
  eden space 144384K, 100% used [0x00000000e0000000,0x00000000e8d00000,0x00000000e8d00000)
  from space 7680K, 95% used [0x00000000e9180000,0x00000000e98aea08,0x00000000e9900000)
  to   space 20992K, 0% used [0x00000000ea180000,0x00000000ea180000,0x00000000eb600000)
 ParOldGen       total 136192K, used 54541K [0x00000000a0000000, 0x00000000a8500000, 0x00000000e0000000)
  object space 136192K, 40% used [0x00000000a0000000,0x00000000a3543508,0x00000000a8500000)
 Metaspace       used 83578K, capacity 87472K, committed 87576K, reserved 1126400K
  class space    used 10509K, capacity 11221K, committed 11312K, reserved 1048576K
Event: 15574.596 GC heap after
Heap after GC invocations=27 (full 3):
 PSYoungGen      total 154112K, used 8202K [0x00000000e0000000, 0x00000000eaf00000, 0x0000000100000000)
  eden space 140288K, 0% used [0x00000000e0000000,0x00000000e0000000,0x00000000e8900000)
  from space 13824K, 59% used [0x00000000ea180000,0x00000000ea982a10,0x00000000eaf00000)
  to   space 19456K, 0% used [0x00000000e8900000,0x00000000e8900000,0x00000000e9c00000)
 ParOldGen       total 136192K, used 54549K [0x00000000a0000000, 0x00000000a8500000, 0x00000000e0000000)
  object space 136192K, 40% used [0x00000000a0000000,0x00000000a3545508,0x00000000a8500000)
 Metaspace       used 83578K, capacity 87472K, committed 87576K, reserved 1126400K
  class space    used 10509K, capacity 11221K, committed 11312K, reserved 1048576K
}
Event: 16255.628 GC heap before
{Heap before GC invocations=28 (full 3):
 PSYoungGen      total 154112K, used 148490K [0x00000000e0000000, 0x00000000eaf00000, 0x0000000100000000)
  eden space 140288K, 100% used [0x00000000e0000000,0x00000000e8900000,0x00000000e8900000)
  from space 13824K, 59% used [0x00000000ea180000,0x00000000ea982a10,0x00000000eaf00000)
  to   space 19456K, 0% used [0x00000000e8900000,0x00000000e8900000,0x00000000e9c00000)
 ParOldGen       total 136192K, used 54549K [0x00000000a0000000, 0x00000000a8500000, 0x00000000e0000000)
  object space 136192K, 40% used [0x00000000a0000000,0x00000000a3545508,0x00000000a8500000)
 Metaspace       used 83734K, capacity 87614K, committed 87832K, reserved 1126400K
  class space    used 10512K, capacity 11222K, committed 11312K, reserved 1048576K
Event: 16255.638 GC heap after
Heap after GC invocations=28 (full 3):
 PSYoungGen      total 140288K, used 3816K [0x00000000e0000000, 0x00000000eab00000, 0x0000000100000000)
  eden space 136192K, 0% used [0x00000000e0000000,0x00000000e0000000,0x00000000e8500000)
  from space 4096K, 93% used [0x00000000e8900000,0x00000000e8cba288,0x00000000e8d00000)
  to   space 19456K, 0% used [0x00000000e9800000,0x00000000e9800000,0x00000000eab00000)
 ParOldGen       total 136192K, used 54557K [0x00000000a0000000, 0x00000000a8500000, 0x00000000e0000000)
  object space 136192K, 40% used [0x00000000a0000000,0x00000000a3547508,0x00000000a8500000)
 Metaspace       used 83734K, capacity 87614K, committed 87832K, reserved 1126400K
  class space    used 10512K, capacity 11222K, committed 11312K, reserved 1048576K
}
Event: 16260.516 GC heap before
{Heap before GC invocations=29 (full 3):
 PSYoungGen      total 140288K, used 140008K [0x00000000e0000000, 0x00000000eab00000, 0x0000000100000000)
  eden space 136192K, 100% used [0x00000000e0000000,0x00000000e8500000,0x00000000e8500000)
  from space 4096K, 93% used [0x00000000e8900000,0x00000000e8cba288,0x00000000e8d00000)
  to   space 19456K, 0% used [0x00000000e9800000,0x00000000e9800000,0x00000000eab00000)
 ParOldGen       total 136192K, used 54557K [0x00000000a0000000, 0x00000000a8500000, 0x00000000e0000000)
  object space 136192K, 40% used [0x00000000a0000000,0x00000000a3547508,0x00000000a8500000)
 Metaspace       used 83867K, capacity 87742K, committed 87832K, reserved 1126400K
  class space    used 10512K, capacity 11222K, committed 11312K, reserved 1048576K
Event: 16260.551 GC heap after
Heap after GC invocations=29 (full 3):
 PSYoungGen      total 145408K, used 7561K [0x00000000e0000000, 0x00000000ea500000, 0x0000000100000000)
  eden space 132096K, 0% used [0x00000000e0000000,0x00000000e0000000,0x00000000e8100000)
  from space 13312K, 56% used [0x00000000e9800000,0x00000000e9f626c8,0x00000000ea500000)
  to   space 18432K, 0% used [0x00000000e8100000,0x00000000e8100000,0x00000000e9300000)
 ParOldGen       total 136192K, used 54565K [0x00000000a0000000, 0x00000000a8500000, 0x00000000e0000000)
  object space 136192K, 40% used [0x00000000a0000000,0x00000000a3549508,0x00000000a8500000)
 Metaspace       used 83867K, capacity 87742K, committed 87832K, reserved 1126400K
  class space    used 10512K, capacity 11222K, committed 11312K, reserved 1048576K
}
Event: 16773.114 GC heap before
{Heap before GC invocations=30 (full 3):
 PSYoungGen      total 145408K, used 139657K [0x00000000e0000000, 0x00000000ea500000, 0x0000000100000000)
  eden space 132096K, 100% used [0x00000000e0000000,0x00000000e8100000,0x00000000e8100000)
  from space 13312K, 56% used [0x00000000e9800000,0x00000000e9f626c8,0x00000000ea500000)
  to   space 18432K, 0% used [0x00000000e8100000,0x00000000e8100000,0x00000000e9300000)
 ParOldGen       total 136192K, used 54565K [0x00000000a0000000, 0x00000000a8500000, 0x00000000e0000000)
  object space 136192K, 40% used [0x00000000a0000000,0x00000000a3549508,0x00000000a8500000)
 Metaspace       used 84015K, capacity 88014K, committed 88344K, reserved 1126400K
  class space    used 10513K, capacity 11222K, committed 11312K, reserved 1048576K
Event: 16773.138 GC heap after
Heap after GC invocations=30 (full 3):
 PSYoungGen      total 135680K, used 6973K [0x00000000e0000000, 0x00000000e9f80000, 0x0000000100000000)
  eden space 128512K, 0% used [0x00000000e0000000,0x00000000e0000000,0x00000000e7d80000)
  from space 7168K, 97% used [0x00000000e8100000,0x00000000e87cf5e8,0x00000000e8800000)
  to   space 17408K, 0% used [0x00000000e8e80000,0x00000000e8e80000,0x00000000e9f80000)
 ParOldGen       total 136192K, used 54573K [0x00000000a0000000, 0x00000000a8500000, 0x00000000e0000000)
  object space 136192K, 40% used [0x00000000a0000000,0x00000000a354b508,0x00000000a8500000)
 Metaspace       used 84015K, capacity 88014K, committed 88344K, reserved 1126400K
  class space    used 10513K, capacity 11222K, committed 11312K, reserved 1048576K
}
Event: 17027.923 GC heap before
{Heap before GC invocations=31 (full 3):
 PSYoungGen      total 135680K, used 135485K [0x00000000e0000000, 0x00000000e9f80000, 0x0000000100000000)
  eden space 128512K, 100% used [0x00000000e0000000,0x00000000e7d80000,0x00000000e7d80000)
  from space 7168K, 97% used [0x00000000e8100000,0x00000000e87cf5e8,0x00000000e8800000)
  to   space 17408K, 0% used [0x00000000e8e80000,0x00000000e8e80000,0x00000000e9f80000)
 ParOldGen       total 136192K, used 54573K [0x00000000a0000000, 0x00000000a8500000, 0x00000000e0000000)
  object space 136192K, 40% used [0x00000000a0000000,0x00000000a354b508,0x00000000a8500000)
 Metaspace       used 84159K, capacity 88118K, committed 88344K, reserved 1126400K
  class space    used 10520K, capacity 11254K, committed 11312K, reserved 1048576K
Event: 17027.973 GC heap after
Heap after GC invocations=31 (full 3):
 PSYoungGen      total 137728K, used 6039K [0x00000000e0000000, 0x00000000e9b00000, 0x0000000100000000)
  eden space 124928K, 0% used [0x00000000e0000000,0x00000000e0000000,0x00000000e7a00000)
  from space 12800K, 47% used [0x00000000e8e80000,0x00000000e9465c28,0x00000000e9b00000)
  to   space 16896K, 0% used [0x00000000e7a00000,0x00000000e7a00000,0x00000000e8a80000)
 ParOldGen       total 136192K, used 54725K [0x00000000a0000000, 0x00000000a8500000, 0x00000000e0000000)
  object space 136192K, 40% used [0x00000000a0000000,0x00000000a3571518,0x00000000a8500000)
 Metaspace       used 84159K, capacity 88118K, committed 88344K, reserved 1126400K
  class space    used 10520K, capacity 11254K, committed 11312K, reserved 1048576K
}

